{
  "RSpec": {
    "coverage": {
      "/Users/wolverine/workshop/turing/mod3/projects/trail_up/app/helpers/application_helper.rb": [
        1,
        1,
        null,
        2,
        null,
        null,
        null,
        null,
        null,
        null,
        null,
        null,
        null,
        null
      ],
      "/Users/wolverine/workshop/turing/mod3/projects/trail_up/app/models/event_role.rb": [
        1,
        1,
        null,
        1,
        1,
        null,
        1,
        null
      ],
      "/Users/wolverine/workshop/turing/mod3/projects/trail_up/app/models/application_record.rb": [
        1,
        1,
        null
      ],
      "/Users/wolverine/workshop/turing/mod3/projects/trail_up/app/models/event.rb": [
        1,
        1,
        1,
        null,
        null,
        1,
        1,
        null,
        1,
        1,
        null,
        1,
        111,
        null,
        null,
        1,
        0,
        null,
        null,
        1,
        2,
        null,
        null,
        1,
        2,
        null,
        null,
        1,
        0,
        null,
        null,
        1,
        14,
        null,
        null,
        1,
        1,
        1,
        null,
        null,
        1,
        1,
        1,
        1,
        1,
        null,
        null,
        1,
        5,
        5,
        null,
        null,
        1,
        1,
        1,
        null,
        null,
        null
      ],
      "/Users/wolverine/workshop/turing/mod3/projects/trail_up/app/models/hp_trail.rb": [
        1,
        null,
        1,
        null,
        1,
        1,
        1,
        1,
        1,
        1,
        1,
        1,
        1,
        1,
        1,
        1,
        1,
        1,
        null,
        null,
        1,
        1,
        null,
        null,
        1,
        1,
        1,
        null,
        null,
        1,
        1,
        null,
        null,
        null
      ],
      "/Users/wolverine/workshop/turing/mod3/projects/trail_up/app/models/picture.rb": [
        1,
        1,
        1,
        null,
        1,
        0,
        0,
        null,
        0,
        null,
        null
      ],
      "/Users/wolverine/workshop/turing/mod3/projects/trail_up/app/uploaders/image_uploader.rb": [
        1,
        null,
        null,
        null,
        null,
        null,
        null,
        null,
        null,
        null,
        null,
        null,
        1,
        0,
        null,
        null,
        null,
        null,
        null,
        null,
        null,
        null,
        null,
        null,
        null,
        null,
        null,
        null,
        null,
        null,
        null,
        null,
        null,
        null,
        null,
        null,
        null,
        null,
        1,
        0,
        null,
        null,
        null,
        null,
        null,
        null,
        null,
        null,
        null
      ],
      "/Users/wolverine/workshop/turing/mod3/projects/trail_up/app/models/trail.rb": [
        1,
        1,
        1,
        1,
        null,
        1,
        1,
        null,
        1,
        116,
        108,
        null,
        null,
        1,
        null,
        1,
        1,
        1,
        null,
        1,
        1,
        1,
        null,
        0,
        null,
        null,
        null,
        1,
        108,
        null,
        null
      ],
      "/Users/wolverine/workshop/turing/mod3/projects/trail_up/app/models/user.rb": [
        1,
        1,
        1,
        null,
        1,
        null,
        1,
        1,
        1,
        null,
        1,
        1,
        1,
        null,
        1,
        null,
        1,
        null,
        1,
        32,
        null,
        null,
        1,
        5,
        5,
        null,
        0,
        null,
        null,
        null,
        1,
        36,
        null,
        null,
        1,
        2,
        null,
        null,
        1,
        2,
        null,
        null,
        1,
        4,
        null,
        null
      ],
      "/Users/wolverine/workshop/turing/mod3/projects/trail_up/app/services/hiking_project_service.rb": [
        1,
        null,
        1,
        4,
        4,
        null,
        null,
        1,
        4,
        4,
        null,
        null,
        1,
        3,
        3,
        null,
        null,
        1,
        1,
        null
      ],
      "/Users/wolverine/workshop/turing/mod3/projects/trail_up/app/controllers/application_controller.rb": [
        1,
        1,
        1,
        1,
        null,
        1,
        181,
        null,
        null,
        1,
        71,
        null,
        null,
        1,
        6,
        null,
        null,
        1,
        4,
        null,
        null,
        1,
        null,
        1,
        94,
        94,
        null,
        null,
        null
      ],
      "/Users/wolverine/workshop/turing/mod3/projects/trail_up/app/controllers/admin/trails_controller.rb": [
        1,
        null,
        1,
        null,
        null,
        null
      ],
      "/Users/wolverine/workshop/turing/mod3/projects/trail_up/app/controllers/admin/base_controller.rb": [
        1,
        1,
        null,
        null,
        null,
        1,
        null,
        1,
        4,
        null,
        null,
        null
      ],
      "/Users/wolverine/workshop/turing/mod3/projects/trail_up/app/services/permission.rb": [
        1,
        null,
        1,
        94,
        94,
        94,
        94,
        null,
        null,
        1,
        94,
        76,
        57,
        null,
        57,
        57,
        49,
        49,
        49,
        49,
        36,
        null,
        36,
        null,
        33,
        4,
        29,
        29,
        null,
        null,
        null,
        1,
        null,
        1,
        null,
        1,
        29,
        20,
        20,
        16,
        16,
        15,
        11,
        6,
        5,
        5,
        5,
        null,
        null,
        1,
        5,
        null,
        null,
        1,
        4,
        3,
        1,
        null,
        null,
        null
      ],
      "/Users/wolverine/workshop/turing/mod3/projects/trail_up/app/controllers/admin/users_controller.rb": [
        1,
        null,
        1,
        null,
        null,
        1,
        null,
        null,
        null
      ],
      "/Users/wolverine/workshop/turing/mod3/projects/trail_up/app/controllers/admin/events_controller.rb": [
        1,
        null,
        1,
        null,
        null,
        null
      ],
      "/Users/wolverine/workshop/turing/mod3/projects/trail_up/app/controllers/landing_controller.rb": [
        1,
        1,
        null,
        null,
        null
      ],
      "/Users/wolverine/workshop/turing/mod3/projects/trail_up/app/controllers/users_controller.rb": [
        1,
        null,
        1,
        null,
        null,
        1,
        5,
        5,
        null,
        null,
        1,
        3,
        null,
        3,
        1,
        1,
        1,
        null,
        2,
        2,
        null,
        null,
        null,
        1,
        null,
        null,
        1,
        0,
        0,
        null,
        0,
        null,
        null,
        null,
        1,
        1,
        3,
        null,
        null,
        1,
        1,
        null,
        null
      ],
      "/Users/wolverine/workshop/turing/mod3/projects/trail_up/app/controllers/dashboards_controller.rb": [
        1,
        1,
        9,
        null,
        null
      ],
      "/Users/wolverine/workshop/turing/mod3/projects/trail_up/app/presenters/event_presenter.rb": [
        1,
        1,
        1,
        22,
        22,
        22,
        22,
        22,
        22,
        22,
        null,
        null,
        1,
        6,
        null,
        null,
        1,
        6,
        null,
        null,
        1,
        6,
        null,
        null,
        1,
        25,
        null,
        null,
        1,
        16,
        null,
        null,
        1,
        16,
        8,
        null,
        null,
        1,
        16,
        null,
        null,
        null,
        16,
        null,
        null
      ],
      "/Users/wolverine/workshop/turing/mod3/projects/trail_up/app/controllers/events/search_controller.rb": [
        1,
        1,
        8,
        null,
        null,
        1,
        null,
        1,
        null,
        null,
        null,
        null,
        8,
        8,
        null,
        null,
        1,
        8,
        null,
        null,
        1,
        8,
        null,
        null
      ],
      "/Users/wolverine/workshop/turing/mod3/projects/trail_up/app/controllers/trails_controller.rb": [
        1,
        1,
        null,
        1,
        null,
        null,
        1,
        2,
        2,
        null,
        null,
        1,
        2,
        2,
        2,
        2,
        2,
        null,
        0,
        0,
        null,
        null,
        null,
        1,
        1,
        null,
        null,
        1,
        null,
        1,
        2,
        null,
        null,
        1,
        2,
        null,
        null,
        1,
        2,
        null,
        null,
        1,
        2,
        1,
        null,
        1,
        null,
        null,
        null
      ],
      "/Users/wolverine/workshop/turing/mod3/projects/trail_up/app/controllers/trails/select_controller.rb": [
        1,
        1,
        null,
        null,
        null,
        1,
        0,
        0,
        0,
        null,
        0,
        0,
        null,
        null,
        null,
        null,
        null,
        null,
        null,
        null,
        null,
        null,
        null,
        0,
        0,
        null,
        0,
        null,
        null,
        null,
        null
      ],
      "/Users/wolverine/workshop/turing/mod3/projects/trail_up/app/controllers/events_controller.rb": [
        1,
        1,
        0,
        null,
        null,
        1,
        1,
        null,
        null,
        1,
        1,
        1,
        1,
        1,
        1,
        null,
        0,
        null,
        null,
        null,
        1,
        2,
        null,
        null,
        1,
        1,
        1,
        null,
        null,
        1,
        1,
        null,
        null
      ],
      "/Users/wolverine/workshop/turing/mod3/projects/trail_up/app/controllers/sessions_controller.rb": [
        1,
        null,
        1,
        null,
        null,
        1,
        8,
        8,
        6,
        6,
        null,
        2,
        2,
        null,
        null,
        null,
        1,
        1,
        1,
        null,
        null,
        null
      ],
      "/Users/wolverine/workshop/turing/mod3/projects/trail_up/app/channels/application_cable/channel.rb": [
        0,
        0,
        0,
        0
      ],
      "/Users/wolverine/workshop/turing/mod3/projects/trail_up/app/channels/application_cable/connection.rb": [
        0,
        0,
        0,
        0
      ],
      "/Users/wolverine/workshop/turing/mod3/projects/trail_up/app/controllers/api/trails/search_controller.rb": [
        0,
        0,
        0,
        0,
        0,
        0,
        0,
        0,
        0,
        0,
        0,
        0,
        0
      ],
      "/Users/wolverine/workshop/turing/mod3/projects/trail_up/app/controllers/api/trails_controller.rb": [
        0,
        0,
        0,
        0,
        0
      ],
      "/Users/wolverine/workshop/turing/mod3/projects/trail_up/app/controllers/directions_controller.rb": [
        0,
        0,
        0,
        0
      ],
      "/Users/wolverine/workshop/turing/mod3/projects/trail_up/app/controllers/homepage_controller.rb": [
        0,
        0,
        0,
        0,
        0,
        0
      ],
      "/Users/wolverine/workshop/turing/mod3/projects/trail_up/app/controllers/pictures_controller.rb": [
        0,
        0,
        0,
        0,
        0,
        0,
        0,
        0,
        0,
        0,
        0,
        0,
        0,
        0,
        0,
        0,
        0
      ],
      "/Users/wolverine/workshop/turing/mod3/projects/trail_up/app/controllers/trails/search_controller.rb": [
        0,
        0,
        0,
        0
      ],
      "/Users/wolverine/workshop/turing/mod3/projects/trail_up/app/jobs/application_job.rb": [
        0,
        0
      ],
      "/Users/wolverine/workshop/turing/mod3/projects/trail_up/app/mailers/application_mailer.rb": [
        0,
        0,
        0,
        0
      ],
      "/Users/wolverine/workshop/turing/mod3/projects/trail_up/app/presenters/trails_presenter.rb": [
        0,
        0,
        0,
        0,
        0,
        0,
        0,
        0,
        0,
        0,
        0,
        0,
        0,
        0,
        0
      ]
    },
    "timestamp": 1500384914
  }
}
